0 info it worked if it ends with ok
1 verbose cli [ '/usr/bin/node', '/usr/bin/npm', 'publish' ]
2 info using npm@3.5.2
3 info using node@v6.11.4
4 verbose publish [ '.' ]
5 silly cache add args [ '.', null ]
6 verbose cache add spec .
7 silly cache add parsed spec Result {
7 silly cache add   raw: '.',
7 silly cache add   scope: null,
7 silly cache add   name: null,
7 silly cache add   rawSpec: '.',
7 silly cache add   spec: '/home/carlino/Sites/FilterJS',
7 silly cache add   type: 'directory' }
8 verbose addLocalDirectory /home/carlino/.npm/filtering_js/1.0.0/package.tgz not in flight; packing
9 info lifecycle filtering_js@1.0.0~prepublish: filtering_js@1.0.0
10 silly lifecycle filtering_js@1.0.0~prepublish: no script for prepublish, continuing
11 verbose tar pack [ '/home/carlino/.npm/filtering_js/1.0.0/package.tgz',
11 verbose tar pack   '/home/carlino/Sites/FilterJS' ]
12 verbose tarball /home/carlino/.npm/filtering_js/1.0.0/package.tgz
13 verbose folder /home/carlino/Sites/FilterJS
14 verbose addLocalTarball adding from inside cache /home/carlino/.npm/filtering_js/1.0.0/package.tgz
15 silly cache afterAdd filtering_js@1.0.0
16 verbose afterAdd /home/carlino/.npm/filtering_js/1.0.0/package/package.json not in flight; writing
17 verbose afterAdd /home/carlino/.npm/filtering_js/1.0.0/package/package.json written
18 silly publish { name: 'filtering_js',
18 silly publish   version: '1.0.0',
18 silly publish   description: 'A small library to filter items in an array/object',
18 silly publish   main: 'index.js',
18 silly publish   scripts: { test: 'echo "Error: no test specified" && exit 1' },
18 silly publish   repository:
18 silly publish    { type: 'git',
18 silly publish      url: 'git+https://github.com/carlinoo/FilterJS.git' },
18 silly publish   keywords: [ 'filter' ],
18 silly publish   author: { name: 'Carlino Gonzalez' },
18 silly publish   license: 'MIT',
18 silly publish   readme: '# FilteringJS\n\n### Description\nFilteringJS is a **node** package to be able to filter javascript arrays as if they where SQL statements. FilteringJS is only on a beta version, so many cool features are being developed at the moment.\n\n### Installation\nAssuming you have **npm** installed and that you have initiated a **npm** project, you need to:\n```\nnpm install filtering_js\n```\n\nAfter that, you can start using it!\n\n### Usage\nFirst of all you need to require the package:\n``` javascript\nvar filteringJS = require("filtering_js");\n```\n\nNow, imagine we have an array like the following:\n\n``` javascript\narray = [\n  {\n    number: 1,\n    letter: \'a\',\n    obj: {\n      hello: "z"\n    }\n  },\n  {\n    number: 2,\n    letter: \'b\',\n    obj: {\n      hello: "y"\n    }\n  },\n  {\n    number: 3,\n    letter: \'c\',\n    obj: {\n      hello: "x"\n    }\n  }\n]\n```\n\nAfter this, you can apply cool fancy statements to your it such as:\n``` javascript\nvar filtered = array.where("number == 1");\n\n// filtered = [ { number: 1, letter: \'a\', obj: { hello: \'z\' } }\n\nvar filtered = array.where("number >= 1 AND letter == \'b\'");\n\n// filtered = [ { number: 2, letter: \'b\', obj: { hello: \'y\' } } ]\n\nvar filtered = array.where("number == 1 OR obj.hello == \'z\'");\n\n// filtered = [ { number: 1, letter: \'a\', obj: { hello: \'z\' } } ]\n\nvar filtered = array.where("number == 1 OR (letter == \'b\')");\n\n// filtered = [ { number: 1, letter: \'a\', obj: { hello: \'z\' } }, { number: 2, letter: \'b\', obj: { hello: \'y\' } } ]\n```\n\nAs you can see, you can apply very cool, nested conditions. This simple/light package will save you tons of time!\n',
18 silly publish   readmeFilename: 'README.md',
18 silly publish   gitHead: 'bf28a8c108ced1f012c56698749bef70ee602b54',
18 silly publish   bugs: { url: 'https://github.com/carlinoo/FilterJS/issues' },
18 silly publish   homepage: 'https://github.com/carlinoo/FilterJS#readme',
18 silly publish   _id: 'filtering_js@1.0.0',
18 silly publish   _shasum: '32305754ed6ef8d642cffc53fe6e01c5fd237dc3',
18 silly publish   _from: '.' }
19 verbose getPublishConfig undefined
20 silly mapToRegistry name filtering_js
21 silly mapToRegistry using default registry
22 silly mapToRegistry registry https://registry.npmjs.org/
23 silly mapToRegistry uri https://registry.npmjs.org/filtering_js
24 verbose publish registryBase https://registry.npmjs.org/
25 silly publish uploading /home/carlino/.npm/filtering_js/1.0.0/package.tgz
26 verbose request uri https://registry.npmjs.org/filtering_js
27 verbose request sending authorization for write operation
28 info attempt registry request try #1 at 23:47:19
29 verbose request using bearer token for auth
30 verbose request id d7571fbc5999f01e
31 http request PUT https://registry.npmjs.org/filtering_js
32 http 403 https://registry.npmjs.org/filtering_js
33 verbose headers { 'content-type': 'application/json',
33 verbose headers   'cache-control': 'max-age=300',
33 verbose headers   'content-length': '93',
33 verbose headers   'accept-ranges': 'bytes',
33 verbose headers   date: 'Tue, 20 Mar 2018 23:47:21 GMT',
33 verbose headers   via: '1.1 varnish',
33 verbose headers   connection: 'keep-alive',
33 verbose headers   'x-served-by': 'cache-ams4128-AMS',
33 verbose headers   'x-cache': 'MISS',
33 verbose headers   'x-cache-hits': '0',
33 verbose headers   'x-timer': 'S1521589641.799636,VS0,VE841',
33 verbose headers   vary: 'Accept-Encoding, Accept' }
34 verbose request invalidating /home/carlino/.npm/registry.npmjs.org/filtering_js on PUT
35 error publish Failed PUT 403
36 verbose stack Error: You cannot publish over the previously published versions: 1.0.0. : filtering_js
36 verbose stack     at makeError (/usr/share/npm/node_modules/npm-registry-client/lib/request.js:264:12)
36 verbose stack     at CachingRegistryClient.<anonymous> (/usr/share/npm/node_modules/npm-registry-client/lib/request.js:252:14)
36 verbose stack     at Request._callback (/usr/share/npm/node_modules/npm-registry-client/lib/request.js:172:14)
36 verbose stack     at Request.self.callback (/usr/share/npm/node_modules/request/request.js:198:22)
36 verbose stack     at emitTwo (events.js:106:13)
36 verbose stack     at Request.emit (events.js:191:7)
36 verbose stack     at Request.<anonymous> (/usr/share/npm/node_modules/request/request.js:1082:10)
36 verbose stack     at emitOne (events.js:101:20)
36 verbose stack     at Request.emit (events.js:188:7)
36 verbose stack     at IncomingMessage.<anonymous> (/usr/share/npm/node_modules/request/request.js:1009:12)
37 verbose statusCode 403
38 verbose pkgid filtering_js
39 verbose cwd /home/carlino/Sites/FilterJS
40 error Linux 4.13.0-37-generic
41 error argv "/usr/bin/node" "/usr/bin/npm" "publish"
42 error node v6.11.4
43 error npm  v3.5.2
44 error code E403
45 error You cannot publish over the previously published versions: 1.0.0. : filtering_js
46 error If you need help, you may report this error at:
46 error     <https://github.com/npm/npm/issues>
47 verbose exit [ 1, true ]
